0 info it worked if it ends with ok
1 verbose cli [ '/Users/mauricesvay/.nvm/v0.8.1/bin/node',
1 verbose cli   '/Users/mauricesvay/.nvm/v0.8.1/bin/npm',
1 verbose cli   'view',
1 verbose cli   'node-wifiscanner' ]
2 info using npm@1.1.33
3 info using node@v0.8.1
4 verbose config file /Users/mauricesvay/.npmrc
5 verbose config file /Users/mauricesvay/.nvm/v0.8.1/etc/npmrc
6 verbose config file /Users/mauricesvay/.nvm/v0.8.1/lib/node_modules/npm/npmrc
7 verbose url raw node-wifiscanner
8 verbose url resolving [ 'https://registry.npmjs.org/', './node-wifiscanner' ]
9 verbose url resolved https://registry.npmjs.org/node-wifiscanner
10 info retry registry request attempt 1 at 09:26:33
11 http GET https://registry.npmjs.org/node-wifiscanner
12 http 404 https://registry.npmjs.org/node-wifiscanner
13 silly registry.get cb [ 404,
13 silly registry.get   { server: 'CouchDB/1.2.0 (Erlang OTP/R15B)',
13 silly registry.get     date: 'Sun, 30 Dec 2012 08:25:23 GMT',
13 silly registry.get     'content-type': 'application/json',
13 silly registry.get     'content-length': '52',
13 silly registry.get     'cache-control': 'must-revalidate' } ]
14 error 404 'node-wifiscanner' is not in the npm registry.
14 error 404 You should bug the author to publish it
14 error 404
14 error 404 Maybe try 'npm search wifiscanner'
14 error 404
14 error 404 Note that you can also install from a
14 error 404 tarball, folder, or http url, or git url.
15 error System Darwin 12.2.0
16 error command "/Users/mauricesvay/.nvm/v0.8.1/bin/node" "/Users/mauricesvay/.nvm/v0.8.1/bin/npm" "view" "node-wifiscanner"
17 error cwd /Users/mauricesvay/node-wifiscanner
18 error node -v v0.8.1
19 error npm -v 1.1.33
20 error code E404
21 error message 404 Not Found: node-wifiscanner
22 verbose exit [ 1, true ]
